<?xml version="1.0" encoding="UTF-8"?>
<!-- Generated by org.testng.reporters.JUnitXMLReporter -->
<testsuite hostname="DESKTOP-QRGQV12" ignored="0" name="Test" tests="8" failures="1" timestamp="02 Aug 2018 22:29:48 GMT" time="14.215" errors="0">
  <testcase name="testLoginEmptyCredentials" time="1.64" classname="org.my.samplelogin.example_login.org.my.samplelogin.example_login.NegativeTests"/>
  <testcase name="testLoginWithPasswordNoUsername" time="0.356" classname="org.my.samplelogin.example_login.org.my.samplelogin.example_login.NegativeTests"/>
  <testcase name="testLoginWithUsernameNoPassword" time="0.381" classname="org.my.samplelogin.example_login.org.my.samplelogin.example_login.NegativeTests"/>
  <testcase name="testSimpleLoginBadCredentials" time="0.814" classname="org.my.samplelogin.example_login.org.my.samplelogin.example_login.NegativeTests">
    <failure type="java.lang.AssertionError">
      <![CDATA[java.lang.AssertionError: 
at org.my.samplelogin.example_login.org.my.samplelogin.example_login.NegativeTests.testSimpleLoginBadCredentials(NegativeTests.java:26)
... Removed 29 stack frames]]>
    </failure>
  </testcase> <!-- testSimpleLoginBadCredentials -->
  <testcase name="testCloseAndCancelButtons" time="0.76" classname="org.my.samplelogin.example_login.org.my.samplelogin.example_login.PositiveTests"/>
  <testcase name="testLoginAndCheckTitles" time="0.888" classname="org.my.samplelogin.example_login.org.my.samplelogin.example_login.PositiveTests"/>
  <testcase name="testRememeberMeChekbox" time="0.34" classname="org.my.samplelogin.example_login.org.my.samplelogin.example_login.PositiveTests"/>
  <testcase name="testSimpleLogin" time="0.694" classname="org.my.samplelogin.example_login.org.my.samplelogin.example_login.PositiveTests"/>
</testsuite> <!-- Test -->
